#
# There is insufficient memory for the Java Runtime Environment to continue.
# Native memory allocation (malloc) failed to allocate 1842896 bytes for Chunk::new
# Possible reasons:
#   The system is out of physical RAM or swap space
#   The process is running with CompressedOops enabled, and the Java Heap may be blocking the growth of the native heap
# Possible solutions:
#   Reduce memory load on the system
#   Increase physical memory or swap space
#   Check if swap backing store is full
#   Decrease Java heap size (-Xmx/-Xms)
#   Decrease number of Java threads
#   Decrease Java thread stack sizes (-Xss)
#   Set larger code cache with -XX:ReservedCodeCacheSize=
#   JVM is running with Unscaled Compressed Oops mode in which the Java heap is
#     placed in the first 4GB address space. The Java Heap base address is the
#     maximum limit for the native heap growth. Please use -XX:HeapBaseMinAddress
#     to set the Java Heap base and to place the Java Heap above 4GB virtual address.
# This output file may be truncated or incomplete.
#
#  Out of Memory Error (arena.cpp:189), pid=53764, tid=61912
#
# JRE version: Java(TM) SE Runtime Environment (17.0.12+8) (build 17.0.12+8-LTS-286)
# Java VM: Java HotSpot(TM) 64-Bit Server VM (17.0.12+8-LTS-286, mixed mode, sharing, tiered, compressed oops, compressed class ptrs, g1 gc, windows-amd64)
# No core dump will be written. Minidumps are not enabled by default on client versions of Windows
#

---------------  S U M M A R Y ------------

Command Line: -XX:MaxMetaspaceSize=512m --add-opens=java.base/java.util=ALL-UNNAMED --add-opens=java.base/java.lang=ALL-UNNAMED --add-opens=java.base/java.lang.invoke=ALL-UNNAMED --add-opens=java.prefs/java.util.prefs=ALL-UNNAMED --add-opens=java.base/java.nio.charset=ALL-UNNAMED --add-opens=java.base/java.net=ALL-UNNAMED --add-opens=java.base/java.util.concurrent.atomic=ALL-UNNAMED -Xmx2048m -Dfile.encoding=windows-1252 -Duser.country=IN -Duser.language=en -Duser.variant -javaagent:C:\Users\rajdi\.gradle\wrapper\dists\gradle-8.5-all\3zlzzgtsutfj0pbojr50n2l7z\gradle-8.5\lib\agents\gradle-instrumentation-agent-8.5.jar org.gradle.launcher.daemon.bootstrap.GradleDaemon 8.5

Host: 13th Gen Intel(R) Core(TM) i5-13450HX, 16 cores, 15G,  Windows 11 , 64 bit Build 26100 (10.0.26100.7733)
Time: Fri Feb 13 22:10:16 2026 India Standard Time elapsed time: 1.894489 seconds (0d 0h 0m 1s)

---------------  T H R E A D  ---------------

Current thread (0x000001e5cd2f3630):  JavaThread "C2 CompilerThread1" daemon [_thread_in_native, id=61912, stack(0x000000628fd00000,0x000000628fe00000)]


Current CompileTask:
C2:   1894 2449   !   4       java.net.URLClassLoader::findClass (47 bytes)

Stack: [0x000000628fd00000,0x000000628fe00000]
Native frames: (J=compiled Java code, j=interpreted, Vv=VM code, C=native code)
V  [jvm.dll+0x67a04a]
V  [jvm.dll+0x7da4ed]
V  [jvm.dll+0x7dbe33]
V  [jvm.dll+0x7dc4a3]
V  [jvm.dll+0x24508f]
V  [jvm.dll+0xab773]
V  [jvm.dll+0xabd3c]
V  [jvm.dll+0x361b9f]
V  [jvm.dll+0x32c431]
V  [jvm.dll+0x32b8ca]
V  [jvm.dll+0x21683f]
V  [jvm.dll+0x215c6f]
V  [jvm.dll+0x1a2960]
V  [jvm.dll+0x22610b]
V  [jvm.dll+0x2242ab]
V  [jvm.dll+0x79075c]
V  [jvm.dll+0x78abea]
V  [jvm.dll+0x678f35]
C  [ucrtbase.dll+0x37b0]
C  [KERNEL32.DLL+0x2e8d7]
C  [ntdll.dll+0x8c48c]


---------------  P R O C E S S  ---------------

Threads class SMR info:
_java_thread_list=0x000001e5ef85c070, length=30, elements={
0x000001e5ac41de60, 0x000001e5cd0dc7d0, 0x000001e5cd0df1b0, 0x000001e5cd1430d0,
0x000001e5cd1439a0, 0x000001e5cd146440, 0x000001e5cd146d10, 0x000001e5cd1492b0,
0x000001e5cd14c450, 0x000001e5cd172fb0, 0x000001e5cd2730b0, 0x000001e5cd276da0,
0x000001e5cd277370, 0x000001e5cd281960, 0x000001e5cd2f3630, 0x000001e5cd32fda0,
0x000001e5cd272690, 0x000001e5cd272180, 0x000001e5cd272ba0, 0x000001e5cd2735c0,
0x000001e5cd273fe0, 0x000001e5cd2744f0, 0x000001e5cd274f10, 0x000001e5cd273ad0,
0x000001e5cd274a00, 0x000001e5cd275420, 0x000001e5cd275930, 0x000001e5eddac2f0,
0x000001e5eddaa9a0, 0x000001e5eddabde0
}

Java Threads: ( => current thread )
  0x000001e5ac41de60 JavaThread "main" [_thread_blocked, id=23960, stack(0x000000628e900000,0x000000628ea00000)]
  0x000001e5cd0dc7d0 JavaThread "Reference Handler" daemon [_thread_blocked, id=61648, stack(0x000000628f000000,0x000000628f100000)]
  0x000001e5cd0df1b0 JavaThread "Finalizer" daemon [_thread_blocked, id=61580, stack(0x000000628f100000,0x000000628f200000)]
  0x000001e5cd1430d0 JavaThread "Signal Dispatcher" daemon [_thread_blocked, id=15804, stack(0x000000628f200000,0x000000628f300000)]
  0x000001e5cd1439a0 JavaThread "Attach Listener" daemon [_thread_blocked, id=58300, stack(0x000000628f300000,0x000000628f400000)]
  0x000001e5cd146440 JavaThread "Service Thread" daemon [_thread_blocked, id=61068, stack(0x000000628f400000,0x000000628f500000)]
  0x000001e5cd146d10 JavaThread "Monitor Deflation Thread" daemon [_thread_blocked, id=63480, stack(0x000000628f500000,0x000000628f600000)]
  0x000001e5cd1492b0 JavaThread "C2 CompilerThread0" daemon [_thread_in_native, id=63476, stack(0x000000628f600000,0x000000628f700000)]
  0x000001e5cd14c450 JavaThread "C1 CompilerThread0" daemon [_thread_blocked, id=63472, stack(0x000000628f700000,0x000000628f800000)]
  0x000001e5cd172fb0 JavaThread "Sweeper thread" daemon [_thread_blocked, id=57504, stack(0x000000628f800000,0x000000628f900000)]
  0x000001e5cd2730b0 JavaThread "Common-Cleaner" daemon [_thread_blocked, id=62236, stack(0x000000628f900000,0x000000628fa00000)]
  0x000001e5cd276da0 JavaThread "C1 CompilerThread1" daemon [_thread_blocked, id=61872, stack(0x000000628fa00000,0x000000628fb00000)]
  0x000001e5cd277370 JavaThread "C1 CompilerThread2" daemon [_thread_blocked, id=63464, stack(0x000000628fb00000,0x000000628fc00000)]
  0x000001e5cd281960 JavaThread "C1 CompilerThread3" daemon [_thread_blocked, id=5420, stack(0x000000628fc00000,0x000000628fd00000)]
=>0x000001e5cd2f3630 JavaThread "C2 CompilerThread1" daemon [_thread_in_native, id=61912, stack(0x000000628fd00000,0x000000628fe00000)]
  0x000001e5cd32fda0 JavaThread "C2 CompilerThread2" daemon [_thread_in_native, id=62148, stack(0x000000628fe00000,0x000000628ff00000)]
  0x000001e5cd272690 JavaThread "Notification Thread" daemon [_thread_blocked, id=62352, stack(0x000000628ff00000,0x0000006290000000)]
  0x000001e5cd272180 JavaThread "Daemon health stats" [_thread_blocked, id=63468, stack(0x0000006290600000,0x0000006290700000)]
  0x000001e5cd272ba0 JavaThread "Incoming local TCP Connector on port 52317" [_thread_in_native, id=60968, stack(0x0000006290700000,0x0000006290800000)]
  0x000001e5cd2735c0 JavaThread "Daemon periodic checks" [_thread_blocked, id=61716, stack(0x0000006290800000,0x0000006290900000)]
  0x000001e5cd273fe0 JavaThread "Daemon" [_thread_blocked, id=41088, stack(0x0000006290900000,0x0000006290a00000)]
  0x000001e5cd2744f0 JavaThread "Handler for socket connection from /127.0.0.1:52317 to /127.0.0.1:52318" [_thread_in_native, id=52448, stack(0x0000006290a00000,0x0000006290b00000)]
  0x000001e5cd274f10 JavaThread "Cancel handler" [_thread_blocked, id=62916, stack(0x0000006290b00000,0x0000006290c00000)]
  0x000001e5cd273ad0 JavaThread "Daemon worker" [_thread_in_native, id=57488, stack(0x0000006290c00000,0x0000006290d00000)]
  0x000001e5cd274a00 JavaThread "Asynchronous log dispatcher for DefaultDaemonConnection: socket connection from /127.0.0.1:52317 to /127.0.0.1:52318" [_thread_blocked, id=61420, stack(0x0000006290d00000,0x0000006290e00000)]
  0x000001e5cd275420 JavaThread "Stdin handler" [_thread_blocked, id=62748, stack(0x0000006290e00000,0x0000006290f00000)]
  0x000001e5cd275930 JavaThread "Daemon client event forwarder" [_thread_blocked, id=63252, stack(0x0000006290f00000,0x0000006291000000)]
  0x000001e5eddac2f0 JavaThread "Cache worker for journal cache (C:\Users\rajdi\.gradle\caches\journal-1)" [_thread_blocked, id=62836, stack(0x0000006291000000,0x0000006291100000)]
  0x000001e5eddaa9a0 JavaThread "File lock request listener" [_thread_in_native, id=62828, stack(0x0000006291100000,0x0000006291200000)]
  0x000001e5eddabde0 JavaThread "Cache worker for file hash cache (C:\Users\rajdi\.gradle\caches\8.5\fileHashes)" [_thread_blocked, id=62784, stack(0x0000006291200000,0x0000006291300000)]

Other Threads:
  0x000001e5cd132010 VMThread "VM Thread" [stack: 0x000000628ef00000,0x000000628f000000] [id=61684]
  0x000001e5ac4ad7b0 WatcherThread [stack: 0x0000006290000000,0x0000006290100000] [id=34872]
  0x000001e5ac17e870 GCTaskThread "GC Thread#0" [stack: 0x000000628ea00000,0x000000628eb00000] [id=60224]
  0x000001e5cd913b30 GCTaskThread "GC Thread#1" [stack: 0x0000006290100000,0x0000006290200000] [id=58216]
  0x000001e5ed232c20 GCTaskThread "GC Thread#2" [stack: 0x0000006290200000,0x0000006290300000] [id=58212]
  0x000001e5ed4312e0 GCTaskThread "GC Thread#3" [stack: 0x0000006290300000,0x0000006290400000] [id=62472]
  0x000001e5cd70b0d0 GCTaskThread "GC Thread#4" [stack: 0x0000006290400000,0x0000006290500000] [id=7524]
  0x000001e5ed3659a0 GCTaskThread "GC Thread#5" [stack: 0x0000006290500000,0x0000006290600000] [id=58268]
  0x000001e5ac486f70 ConcurrentGCThread "G1 Main Marker" [stack: 0x000000628eb00000,0x000000628ec00000] [id=11832]
  0x000001e5ac4892b0 ConcurrentGCThread "G1 Conc#0" [stack: 0x000000628ec00000,0x000000628ed00000] [id=63432]
  0x000001e5ac4ddd50 ConcurrentGCThread "G1 Refine#0" [stack: 0x000000628ed00000,0x000000628ee00000] [id=63420]
  0x000001e5ac4de530 ConcurrentGCThread "G1 Service" [stack: 0x000000628ee00000,0x000000628ef00000] [id=61708]

Threads with active compile tasks:
C2 CompilerThread0     1909 2416   !   4       java.lang.ClassLoader::loadClass (121 bytes)
C2 CompilerThread1     1909 2449   !   4       java.net.URLClassLoader::findClass (47 bytes)
C2 CompilerThread2     1909 2515   !   4       java.util.concurrent.ConcurrentHashMap::transfer (849 bytes)

VM state: not at safepoint (normal execution)

VM Mutex/Monitor currently owned by a thread: None

Heap address: 0x0000000080000000, size: 2048 MB, Compressed Oops mode: 32-bit

CDS archive(s) mapped at: [0x000001e5ce000000-0x000001e5cebd0000-0x000001e5cebd0000), size 12386304, SharedBaseAddress: 0x000001e5ce000000, ArchiveRelocationMode: 1.
Compressed class space mapped at: 0x000001e5cf000000-0x000001e5e9000000, reserved size: 436207616
Narrow klass base: 0x000001e5ce000000, Narrow klass shift: 0, Narrow klass range: 0x100000000

GC Precious Log:
 CPUs: 16 total, 16 available
 Memory: 16068M
 Large Page Support: Disabled
 NUMA Support: Disabled
 Compressed Oops: Enabled (32-bit)
 Heap Region Size: 1M
 Heap Min Capacity: 8M
 Heap Initial Capacity: 252M
 Heap Max Capacity: 2G
 Pre-touch: Disabled
 Parallel Workers: 13
 Concurrent Workers: 3
 Concurrent Refinement Workers: 13
 Periodic GC: Disabled

Heap:
 garbage-first heap   total 258048K, used 95200K [0x0000000080000000, 0x0000000100000000)
  region size 1024K, 83 young (84992K), 1 survivors (1024K)
 Metaspace       used 16741K, committed 17024K, reserved 491520K
  class space    used 2384K, committed 2496K, reserved 425984K

Heap Regions: E=young(eden), S=young(survivor), O=old, HS=humongous(starts), HC=humongous(continues), CS=collection set, F=free, OA=open archive, CA=closed archive, TAMS=top-at-mark-start (previous, next)
|   0|0x0000000080000000, 0x0000000080100000, 0x0000000080100000|100%|HS|  |TAMS 0x0000000080000000, 0x0000000080000000| Complete 
|   1|0x0000000080100000, 0x0000000080200000, 0x0000000080200000|100%|HC|  |TAMS 0x0000000080100000, 0x0000000080100000| Complete 
|   2|0x0000000080200000, 0x0000000080300000, 0x0000000080300000|100%|HC|  |TAMS 0x0000000080200000, 0x0000000080200000| Complete 
|   3|0x0000000080300000, 0x0000000080400000, 0x0000000080400000|100%|HC|  |TAMS 0x0000000080300000, 0x0000000080300000| Complete 
|   4|0x0000000080400000, 0x0000000080500000, 0x0000000080500000|100%| O|  |TAMS 0x0000000080400000, 0x0000000080400000| Untracked 
|   5|0x0000000080500000, 0x0000000080600000, 0x0000000080600000|100%| O|  |TAMS 0x0000000080500000, 0x0000000080500000| Untracked 
|   6|0x0000000080600000, 0x0000000080700000, 0x0000000080700000|100%| O|  |TAMS 0x0000000080600000, 0x0000000080600000| Untracked 
|   7|0x0000000080700000, 0x0000000080800000, 0x0000000080800000|100%| O|  |TAMS 0x0000000080700000, 0x0000000080700000| Untracked 
|   8|0x0000000080800000, 0x0000000080900000, 0x0000000080900000|100%| O|  |TAMS 0x0000000080800000, 0x0000000080800000| Untracked 
|   9|0x0000000080900000, 0x0000000080a00000, 0x0000000080a00000|100%| O|  |TAMS 0x0000000080900000, 0x0000000080900000| Untracked 
|  10|0x0000000080a00000, 0x0000000080a1d600, 0x0000000080b00000| 11%| O|  |TAMS 0x0000000080a00000, 0x0000000080a00000| Untracked 
|  11|0x0000000080b00000, 0x0000000080c00000, 0x0000000080c00000|100%|HS|  |TAMS 0x0000000080b00000, 0x0000000080b00000| Complete 
|  12|0x0000000080c00000, 0x0000000080c00000, 0x0000000080d00000|  0%| F|  |TAMS 0x0000000080c00000, 0x0000000080c00000| Untracked 
|  13|0x0000000080d00000, 0x0000000080d00000, 0x0000000080e00000|  0%| F|  |TAMS 0x0000000080d00000, 0x0000000080d00000| Untracked 
|  14|0x0000000080e00000, 0x0000000080e00000, 0x0000000080f00000|  0%| F|  |TAMS 0x0000000080e00000, 0x0000000080e00000| Untracked 
|  15|0x0000000080f00000, 0x0000000080f00000, 0x0000000081000000|  0%| F|  |TAMS 0x0000000080f00000, 0x0000000080f00000| Untracked 
|  16|0x0000000081000000, 0x0000000081000000, 0x0000000081100000|  0%| F|  |TAMS 0x0000000081000000, 0x0000000081000000| Untracked 
|  17|0x0000000081100000, 0x0000000081100000, 0x0000000081200000|  0%| F|  |TAMS 0x0000000081100000, 0x0000000081100000| Untracked 
|  18|0x0000000081200000, 0x0000000081200000, 0x0000000081300000|  0%| F|  |TAMS 0x0000000081200000, 0x0000000081200000| Untracked 
|  19|0x0000000081300000, 0x0000000081300000, 0x0000000081400000|  0%| F|  |TAMS 0x0000000081300000, 0x0000000081300000| Untracked 
|  20|0x0000000081400000, 0x0000000081400000, 0x0000000081500000|  0%| F|  |TAMS 0x0000000081400000, 0x0000000081400000| Untracked 
|  21|0x0000000081500000, 0x0000000081500000, 0x0000000081600000|  0%| F|  |TAMS 0x0000000081500000, 0x0000000081500000| Untracked 
|  22|0x0000000081600000, 0x0000000081600000, 0x0000000081700000|  0%| F|  |TAMS 0x0000000081600000, 0x0000000081600000| Untracked 
|  23|0x0000000081700000, 0x0000000081700000, 0x0000000081800000|  0%| F|  |TAMS 0x0000000081700000, 0x0000000081700000| Untracked 
|  24|0x0000000081800000, 0x0000000081800000, 0x0000000081900000|  0%| F|  |TAMS 0x0000000081800000, 0x0000000081800000| Untracked 
|  25|0x0000000081900000, 0x0000000081900000, 0x0000000081a00000|  0%| F|  |TAMS 0x0000000081900000, 0x0000000081900000| Untracked 
|  26|0x0000000081a00000, 0x0000000081a00000, 0x0000000081b00000|  0%| F|  |TAMS 0x0000000081a00000, 0x0000000081a00000| Untracked 
|  27|0x0000000081b00000, 0x0000000081b00000, 0x0000000081c00000|  0%| F|  |TAMS 0x0000000081b00000, 0x0000000081b00000| Untracked 
|  28|0x0000000081c00000, 0x0000000081c00000, 0x0000000081d00000|  0%| F|  |TAMS 0x0000000081c00000, 0x0000000081c00000| Untracked 
|  29|0x0000000081d00000, 0x0000000081d00000, 0x0000000081e00000|  0%| F|  |TAMS 0x0000000081d00000, 0x0000000081d00000| Untracked 
|  30|0x0000000081e00000, 0x0000000081e00000, 0x0000000081f00000|  0%| F|  |TAMS 0x0000000081e00000, 0x0000000081e00000| Untracked 
|  31|0x0000000081f00000, 0x0000000081f00000, 0x0000000082000000|  0%| F|  |TAMS 0x0000000081f00000, 0x0000000081f00000| Untracked 
|  32|0x0000000082000000, 0x0000000082000000, 0x0000000082100000|  0%| F|  |TAMS 0x0000000082000000, 0x0000000082000000| Untracked 
|  33|0x0000000082100000, 0x0000000082100000, 0x0000000082200000|  0%| F|  |TAMS 0x0000000082100000, 0x0000000082100000| Untracked 
|  34|0x0000000082200000, 0x0000000082200000, 0x0000000082300000|  0%| F|  |TAMS 0x0000000082200000, 0x0000000082200000| Untracked 
|  35|0x0000000082300000, 0x0000000082300000, 0x0000000082400000|  0%| F|  |TAMS 0x0000000082300000, 0x0000000082300000| Untracked 
|  36|0x0000000082400000, 0x0000000082400000, 0x0000000082500000|  0%| F|  |TAMS 0x0000000082400000, 0x0000000082400000| Untracked 
|  37|0x0000000082500000, 0x0000000082500000, 0x0000000082600000|  0%| F|  |TAMS 0x0000000082500000, 0x0000000082500000| Untracked 
|  38|0x0000000082600000, 0x0000000082600000, 0x0000000082700000|  0%| F|  |TAMS 0x0000000082600000, 0x0000000082600000| Untracked 
|  39|0x0000000082700000, 0x0000000082700000, 0x0000000082800000|  0%| F|  |TAMS 0x0000000082700000, 0x0000000082700000| Untracked 
|  40|0x0000000082800000, 0x0000000082800000, 0x0000000082900000|  0%| F|  |TAMS 0x0000000082800000, 0x0000000082800000| Untracked 
|  41|0x0000000082900000, 0x0000000082900000, 0x0000000082a00000|  0%| F|  |TAMS 0x0000000082900000, 0x0000000082900000| Untracked 
|  42|0x0000000082a00000, 0x0000000082a00000, 0x0000000082b00000|  0%| F|  |TAMS 0x0000000082a00000, 0x0000000082a00000| Untracked 
|  43|0x0000000082b00000, 0x0000000082b00000, 0x0000000082c00000|  0%| F|  |TAMS 0x0000000082b00000, 0x0000000082b00000| Untracked 
|  44|0x0000000082c00000, 0x0000000082c00000, 0x0000000082d00000|  0%| F|  |TAMS 0x0000000082c00000, 0x0000000082c00000| Untracked 
|  45|0x0000000082d00000, 0x0000000082d00000, 0x0000000082e00000|  0%| F|  |TAMS 0x0000000082d00000, 0x0000000082d00000| Untracked 
|  46|0x0000000082e00000, 0x0000000082e00000, 0x0000000082f00000|  0%| F|  |TAMS 0x0000000082e00000, 0x0000000082e00000| Untracked 
|  47|0x0000000082f00000, 0x0000000082f00000, 0x0000000083000000|  0%| F|  |TAMS 0x0000000082f00000, 0x0000000082f00000| Untracked 
|  48|0x0000000083000000, 0x0000000083000000, 0x0000000083100000|  0%| F|  |TAMS 0x0000000083000000, 0x0000000083000000| Untracked 
|  49|0x0000000083100000, 0x0000000083100000, 0x0000000083200000|  0%| F|  |TAMS 0x0000000083100000, 0x0000000083100000| Untracked 
|  50|0x0000000083200000, 0x0000000083200000, 0x0000000083300000|  0%| F|  |TAMS 0x0000000083200000, 0x0000000083200000| Untracked 
|  51|0x0000000083300000, 0x0000000083300000, 0x0000000083400000|  0%| F|  |TAMS 0x0000000083300000, 0x0000000083300000| Untracked 
|  52|0x0000000083400000, 0x0000000083400000, 0x0000000083500000|  0%| F|  |TAMS 0x0000000083400000, 0x0000000083400000| Untracked 
|  53|0x0000000083500000, 0x0000000083500000, 0x0000000083600000|  0%| F|  |TAMS 0x0000000083500000, 0x0000000083500000| Untracked 
|  54|0x0000000083600000, 0x0000000083600000, 0x0000000083700000|  0%| F|  |TAMS 0x0000000083600000, 0x0000000083600000| Untracked 
|  55|0x0000000083700000, 0x0000000083700000, 0x0000000083800000|  0%| F|  |TAMS 0x0000000083700000, 0x0000000083700000| Untracked 
|  56|0x0000000083800000, 0x0000000083800000, 0x0000000083900000|  0%| F|  |TAMS 0x0000000083800000, 0x0000000083800000| Untracked 
|  57|0x0000000083900000, 0x0000000083900000, 0x0000000083a00000|  0%| F|  |TAMS 0x0000000083900000, 0x0000000083900000| Untracked 
|  58|0x0000000083a00000, 0x0000000083a00000, 0x0000000083b00000|  0%| F|  |TAMS 0x0000000083a00000, 0x0000000083a00000| Untracked 
|  59|0x0000000083b00000, 0x0000000083b00000, 0x0000000083c00000|  0%| F|  |TAMS 0x0000000083b00000, 0x0000000083b00000| Untracked 
|  60|0x0000000083c00000, 0x0000000083c00000, 0x0000000083d00000|  0%| F|  |TAMS 0x0000000083c00000, 0x0000000083c00000| Untracked 
|  61|0x0000000083d00000, 0x0000000083d00000, 0x0000000083e00000|  0%| F|  |TAMS 0x0000000083d00000, 0x0000000083d00000| Untracked 
|  62|0x0000000083e00000, 0x0000000083e00000, 0x0000000083f00000|  0%| F|  |TAMS 0x0000000083e00000, 0x0000000083e00000| Untracked 
|  63|0x0000000083f00000, 0x0000000083f00000, 0x0000000084000000|  0%| F|  |TAMS 0x0000000083f00000, 0x0000000083f00000| Untracked 
|  64|0x0000000084000000, 0x0000000084000000, 0x0000000084100000|  0%| F|  |TAMS 0x0000000084000000, 0x0000000084000000| Untracked 
|  65|0x0000000084100000, 0x0000000084100000, 0x0000000084200000|  0%| F|  |TAMS 0x0000000084100000, 0x0000000084100000| Untracked 
|  66|0x0000000084200000, 0x0000000084200000, 0x0000000084300000|  0%| F|  |TAMS 0x0000000084200000, 0x0000000084200000| Untracked 
|  67|0x0000000084300000, 0x0000000084300000, 0x0000000084400000|  0%| F|  |TAMS 0x0000000084300000, 0x0000000084300000| Untracked 
|  68|0x0000000084400000, 0x0000000084400000, 0x0000000084500000|  0%| F|  |TAMS 0x0000000084400000, 0x0000000084400000| Untracked 
|  69|0x0000000084500000, 0x0000000084500000, 0x0000000084600000|  0%| F|  |TAMS 0x0000000084500000, 0x0000000084500000| Untracked 
|  70|0x0000000084600000, 0x0000000084600000, 0x0000000084700000|  0%| F|  |TAMS 0x0000000084600000, 0x0000000084600000| Untracked 
|  71|0x0000000084700000, 0x0000000084700000, 0x0000000084800000|  0%| F|  |TAMS 0x0000000084700000, 0x0000000084700000| Untracked 
|  72|0x0000000084800000, 0x0000000084800000, 0x0000000084900000|  0%| F|  |TAMS 0x0000000084800000, 0x0000000084800000| Untracked 
|  73|0x0000000084900000, 0x0000000084900000, 0x0000000084a00000|  0%| F|  |TAMS 0x0000000084900000, 0x0000000084900000| Untracked 
|  74|0x0000000084a00000, 0x0000000084a00000, 0x0000000084b00000|  0%| F|  |TAMS 0x0000000084a00000, 0x0000000084a00000| Untracked 
|  75|0x0000000084b00000, 0x0000000084b00000, 0x0000000084c00000|  0%| F|  |TAMS 0x0000000084b00000, 0x0000000084b00000| Untracked 
|  76|0x0000000084c00000, 0x0000000084c00000, 0x0000000084d00000|  0%| F|  |TAMS 0x0000000084c00000, 0x0000000084c00000| Untracked 
|  77|0x0000000084d00000, 0x0000000084d00000, 0x0000000084e00000|  0%| F|  |TAMS 0x0000000084d00000, 0x0000000084d00000| Untracked 
|  78|0x0000000084e00000, 0x0000000084e00000, 0x0000000084f00000|  0%| F|  |TAMS 0x0000000084e00000, 0x0000000084e00000| Untracked 
|  79|0x0000000084f00000, 0x0000000084f00000, 0x0000000085000000|  0%| F|  |TAMS 0x0000000084f00000, 0x0000000084f00000| Untracked 
|  80|0x0000000085000000, 0x0000000085000000, 0x0000000085100000|  0%| F|  |TAMS 0x0000000085000000, 0x0000000085000000| Untracked 
|  81|0x0000000085100000, 0x0000000085100000, 0x0000000085200000|  0%| F|  |TAMS 0x0000000085100000, 0x0000000085100000| Untracked 
|  82|0x0000000085200000, 0x0000000085200000, 0x0000000085300000|  0%| F|  |TAMS 0x0000000085200000, 0x0000000085200000| Untracked 
|  83|0x0000000085300000, 0x0000000085300000, 0x0000000085400000|  0%| F|  |TAMS 0x0000000085300000, 0x0000000085300000| Untracked 
|  84|0x0000000085400000, 0x0000000085400000, 0x0000000085500000|  0%| F|  |TAMS 0x0000000085400000, 0x0000000085400000| Untracked 
|  85|0x0000000085500000, 0x0000000085500000, 0x0000000085600000|  0%| F|  |TAMS 0x0000000085500000, 0x0000000085500000| Untracked 
|  86|0x0000000085600000, 0x0000000085600000, 0x0000000085700000|  0%| F|  |TAMS 0x0000000085600000, 0x0000000085600000| Untracked 
|  87|0x0000000085700000, 0x0000000085700000, 0x0000000085800000|  0%| F|  |TAMS 0x0000000085700000, 0x0000000085700000| Untracked 
|  88|0x0000000085800000, 0x0000000085800000, 0x0000000085900000|  0%| F|  |TAMS 0x0000000085800000, 0x0000000085800000| Untracked 
|  89|0x0000000085900000, 0x0000000085900000, 0x0000000085a00000|  0%| F|  |TAMS 0x0000000085900000, 0x0000000085900000| Untracked 
|  90|0x0000000085a00000, 0x0000000085a00000, 0x0000000085b00000|  0%| F|  |TAMS 0x0000000085a00000, 0x0000000085a00000| Untracked 
|  91|0x0000000085b00000, 0x0000000085b00000, 0x0000000085c00000|  0%| F|  |TAMS 0x0000000085b00000, 0x0000000085b00000| Untracked 
|  92|0x0000000085c00000, 0x0000000085c00000, 0x0000000085d00000|  0%| F|  |TAMS 0x0000000085c00000, 0x0000000085c00000| Untracked 
|  93|0x0000000085d00000, 0x0000000085d00000, 0x0000000085e00000|  0%| F|  |TAMS 0x0000000085d00000, 0x0000000085d00000| Untracked 
|  94|0x0000000085e00000, 0x0000000085e00000, 0x0000000085f00000|  0%| F|  |TAMS 0x0000000085e00000, 0x0000000085e00000| Untracked 
|  95|0x0000000085f00000, 0x0000000085f00000, 0x0000000086000000|  0%| F|  |TAMS 0x0000000085f00000, 0x0000000085f00000| Untracked 
|  96|0x0000000086000000, 0x0000000086000000, 0x0000000086100000|  0%| F|  |TAMS 0x0000000086000000, 0x0000000086000000| Untracked 
|  97|0x0000000086100000, 0x0000000086100000, 0x0000000086200000|  0%| F|  |TAMS 0x0000000086100000, 0x0000000086100000| Untracked 
|  98|0x0000000086200000, 0x0000000086200000, 0x0000000086300000|  0%| F|  |TAMS 0x0000000086200000, 0x0000000086200000| Untracked 
|  99|0x0000000086300000, 0x0000000086300000, 0x0000000086400000|  0%| F|  |TAMS 0x0000000086300000, 0x0000000086300000| Untracked 
| 100|0x0000000086400000, 0x0000000086400000, 0x0000000086500000|  0%| F|  |TAMS 0x0000000086400000, 0x0000000086400000| Untracked 
| 101|0x0000000086500000, 0x0000000086500000, 0x0000000086600000|  0%| F|  |TAMS 0x0000000086500000, 0x0000000086500000| Untracked 
| 102|0x0000000086600000, 0x0000000086600000, 0x0000000086700000|  0%| F|  |TAMS 0x0000000086600000, 0x0000000086600000| Untracked 
| 103|0x0000000086700000, 0x0000000086700000, 0x0000000086800000|  0%| F|  |TAMS 0x0000000086700000, 0x0000000086700000| Untracked 
| 104|0x0000000086800000, 0x0000000086800000, 0x0000000086900000|  0%| F|  |TAMS 0x0000000086800000, 0x0000000086800000| Untracked 
| 105|0x0000000086900000, 0x0000000086900000, 0x0000000086a00000|  0%| F|  |TAMS 0x0000000086900000, 0x0000000086900000| Untracked 
| 106|0x0000000086a00000, 0x0000000086a00000, 0x0000000086b00000|  0%| F|  |TAMS 0x0000000086a00000, 0x0000000086a00000| Untracked 
| 107|0x0000000086b00000, 0x0000000086b00000, 0x0000000086c00000|  0%| F|  |TAMS 0x0000000086b00000, 0x0000000086b00000| Untracked 
| 108|0x0000000086c00000, 0x0000000086c00000, 0x0000000086d00000|  0%| F|  |TAMS 0x0000000086c00000, 0x0000000086c00000| Untracked 
| 109|0x0000000086d00000, 0x0000000086d00000, 0x0000000086e00000|  0%| F|  |TAMS 0x0000000086d00000, 0x0000000086d00000| Untracked 
| 110|0x0000000086e00000, 0x0000000086e00000, 0x0000000086f00000|  0%| F|  |TAMS 0x0000000086e00000, 0x0000000086e00000| Untracked 
| 111|0x0000000086f00000, 0x0000000086f00000, 0x0000000087000000|  0%| F|  |TAMS 0x0000000086f00000, 0x0000000086f00000| Untracked 
| 112|0x0000000087000000, 0x0000000087000000, 0x0000000087100000|  0%| F|  |TAMS 0x0000000087000000, 0x0000000087000000| Untracked 
| 113|0x0000000087100000, 0x0000000087100000, 0x0000000087200000|  0%| F|  |TAMS 0x0000000087100000, 0x0000000087100000| Untracked 
| 114|0x0000000087200000, 0x0000000087200000, 0x0000000087300000|  0%| F|  |TAMS 0x0000000087200000, 0x0000000087200000| Untracked 
| 115|0x0000000087300000, 0x0000000087300000, 0x0000000087400000|  0%| F|  |TAMS 0x0000000087300000, 0x0000000087300000| Untracked 
| 116|0x0000000087400000, 0x0000000087400000, 0x0000000087500000|  0%| F|  |TAMS 0x0000000087400000, 0x0000000087400000| Untracked 
| 117|0x0000000087500000, 0x0000000087500000, 0x0000000087600000|  0%| F|  |TAMS 0x0000000087500000, 0x0000000087500000| Untracked 
| 118|0x0000000087600000, 0x0000000087600000, 0x0000000087700000|  0%| F|  |TAMS 0x0000000087600000, 0x0000000087600000| Untracked 
| 119|0x0000000087700000, 0x0000000087700000, 0x0000000087800000|  0%| F|  |TAMS 0x0000000087700000, 0x0000000087700000| Untracked 
| 120|0x0000000087800000, 0x0000000087800000, 0x0000000087900000|  0%| F|  |TAMS 0x0000000087800000, 0x0000000087800000| Untracked 
| 121|0x0000000087900000, 0x0000000087900000, 0x0000000087a00000|  0%| F|  |TAMS 0x0000000087900000, 0x0000000087900000| Untracked 
| 122|0x0000000087a00000, 0x0000000087a00000, 0x0000000087b00000|  0%| F|  |TAMS 0x0000000087a00000, 0x0000000087a00000| Untracked 
| 123|0x0000000087b00000, 0x0000000087b00000, 0x0000000087c00000|  0%| F|  |TAMS 0x0000000087b00000, 0x0000000087b00000| Untracked 
| 124|0x0000000087c00000, 0x0000000087c00000, 0x0000000087d00000|  0%| F|  |TAMS 0x0000000087c00000, 0x0000000087c00000| Untracked 
| 125|0x0000000087d00000, 0x0000000087d00000, 0x0000000087e00000|  0%| F|  |TAMS 0x0000000087d00000, 0x0000000087d00000| Untracked 
| 126|0x0000000087e00000, 0x0000000087e00000, 0x0000000087f00000|  0%| F|  |TAMS 0x0000000087e00000, 0x0000000087e00000| Untracked 
| 127|0x0000000087f00000, 0x0000000087f00000, 0x0000000088000000|  0%| F|  |TAMS 0x0000000087f00000, 0x0000000087f00000| Untracked 
| 128|0x0000000088000000, 0x0000000088000000, 0x0000000088100000|  0%| F|  |TAMS 0x0000000088000000, 0x0000000088000000| Untracked 
| 129|0x0000000088100000, 0x0000000088100000, 0x0000000088200000|  0%| F|  |TAMS 0x0000000088100000, 0x0000000088100000| Untracked 
| 130|0x0000000088200000, 0x0000000088200000, 0x0000000088300000|  0%| F|  |TAMS 0x0000000088200000, 0x0000000088200000| Untracked 
| 131|0x0000000088300000, 0x0000000088300000, 0x0000000088400000|  0%| F|  |TAMS 0x0000000088300000, 0x0000000088300000| Untracked 
| 132|0x0000000088400000, 0x0000000088400000, 0x0000000088500000|  0%| F|  |TAMS 0x0000000088400000, 0x0000000088400000| Untracked 
| 133|0x0000000088500000, 0x0000000088500000, 0x0000000088600000|  0%| F|  |TAMS 0x0000000088500000, 0x0000000088500000| Untracked 
| 134|0x0000000088600000, 0x0000000088600000, 0x0000000088700000|  0%| F|  |TAMS 0x0000000088600000, 0x0000000088600000| Untracked 
| 135|0x0000000088700000, 0x0000000088700000, 0x0000000088800000|  0%| F|  |TAMS 0x0000000088700000, 0x0000000088700000| Untracked 
| 136|0x0000000088800000, 0x0000000088800000, 0x0000000088900000|  0%| F|  |TAMS 0x0000000088800000, 0x0000000088800000| Untracked 
| 137|0x0000000088900000, 0x0000000088900000, 0x0000000088a00000|  0%| F|  |TAMS 0x0000000088900000, 0x0000000088900000| Untracked 
| 138|0x0000000088a00000, 0x0000000088a00000, 0x0000000088b00000|  0%| F|  |TAMS 0x0000000088a00000, 0x0000000088a00000| Untracked 
| 139|0x0000000088b00000, 0x0000000088b00000, 0x0000000088c00000|  0%| F|  |TAMS 0x0000000088b00000, 0x0000000088b00000| Untracked 
| 140|0x0000000088c00000, 0x0000000088c00000, 0x0000000088d00000|  0%| F|  |TAMS 0x0000000088c00000, 0x0000000088c00000| Untracked 
| 141|0x0000000088d00000, 0x0000000088d00000, 0x0000000088e00000|  0%| F|  |TAMS 0x0000000088d00000, 0x0000000088d00000| Untracked 
| 142|0x0000000088e00000, 0x0000000088e00000, 0x0000000088f00000|  0%| F|  |TAMS 0x0000000088e00000, 0x0000000088e00000| Untracked 
| 143|0x0000000088f00000, 0x0000000088f00000, 0x0000000089000000|  0%| F|  |TAMS 0x0000000088f00000, 0x0000000088f00000| Untracked 
| 144|0x0000000089000000, 0x0000000089000000, 0x0000000089100000|  0%| F|  |TAMS 0x0000000089000000, 0x0000000089000000| Untracked 
| 145|0x0000000089100000, 0x0000000089100000, 0x0000000089200000|  0%| F|  |TAMS 0x0000000089100000, 0x0000000089100000| Untracked 
| 146|0x0000000089200000, 0x0000000089200000, 0x0000000089300000|  0%| F|  |TAMS 0x0000000089200000, 0x0000000089200000| Untracked 
| 147|0x0000000089300000, 0x0000000089300000, 0x0000000089400000|  0%| F|  |TAMS 0x0000000089300000, 0x0000000089300000| Untracked 
| 148|0x0000000089400000, 0x0000000089400000, 0x0000000089500000|  0%| F|  |TAMS 0x0000000089400000, 0x0000000089400000| Untracked 
| 149|0x0000000089500000, 0x0000000089500000, 0x0000000089600000|  0%| F|  |TAMS 0x0000000089500000, 0x0000000089500000| Untracked 
| 150|0x0000000089600000, 0x0000000089600000, 0x0000000089700000|  0%| F|  |TAMS 0x0000000089600000, 0x0000000089600000| Untracked 
| 151|0x0000000089700000, 0x0000000089700000, 0x0000000089800000|  0%| F|  |TAMS 0x0000000089700000, 0x0000000089700000| Untracked 
| 152|0x0000000089800000, 0x0000000089800000, 0x0000000089900000|  0%| F|  |TAMS 0x0000000089800000, 0x0000000089800000| Untracked 
| 153|0x0000000089900000, 0x0000000089900000, 0x0000000089a00000|  0%| F|  |TAMS 0x0000000089900000, 0x0000000089900000| Untracked 
| 154|0x0000000089a00000, 0x0000000089a00000, 0x0000000089b00000|  0%| F|  |TAMS 0x0000000089a00000, 0x0000000089a00000| Untracked 
| 155|0x0000000089b00000, 0x0000000089b00000, 0x0000000089c00000|  0%| F|  |TAMS 0x0000000089b00000, 0x0000000089b00000| Untracked 
| 156|0x0000000089c00000, 0x0000000089c00000, 0x0000000089d00000|  0%| F|  |TAMS 0x0000000089c00000, 0x0000000089c00000| Untracked 
| 157|0x0000000089d00000, 0x0000000089d00000, 0x0000000089e00000|  0%| F|  |TAMS 0x0000000089d00000, 0x0000000089d00000| Untracked 
| 158|0x0000000089e00000, 0x0000000089e00000, 0x0000000089f00000|  0%| F|  |TAMS 0x0000000089e00000, 0x0000000089e00000| Untracked 
| 159|0x0000000089f00000, 0x0000000089f00000, 0x000000008a000000|  0%| F|  |TAMS 0x0000000089f00000, 0x0000000089f00000| Untracked 
| 160|0x000000008a000000, 0x000000008a000000, 0x000000008a100000|  0%| F|  |TAMS 0x000000008a000000, 0x000000008a000000| Untracked 
| 161|0x000000008a100000, 0x000000008a100000, 0x000000008a200000|  0%| F|  |TAMS 0x000000008a100000, 0x000000008a100000| Untracked 
| 162|0x000000008a200000, 0x000000008a200000, 0x000000008a300000|  0%| F|  |TAMS 0x000000008a200000, 0x000000008a200000| Untracked 
| 163|0x000000008a300000, 0x000000008a300000, 0x000000008a400000|  0%| F|  |TAMS 0x000000008a300000, 0x000000008a300000| Untracked 
| 164|0x000000008a400000, 0x000000008a400000, 0x000000008a500000|  0%| F|  |TAMS 0x000000008a400000, 0x000000008a400000| Untracked 
| 165|0x000000008a500000, 0x000000008a500000, 0x000000008a600000|  0%| F|  |TAMS 0x000000008a500000, 0x000000008a500000| Untracked 
| 166|0x000000008a600000, 0x000000008a600000, 0x000000008a700000|  0%| F|  |TAMS 0x000000008a600000, 0x000000008a600000| Untracked 
| 167|0x000000008a700000, 0x000000008a700000, 0x000000008a800000|  0%| F|  |TAMS 0x000000008a700000, 0x000000008a700000| Untracked 
| 168|0x000000008a800000, 0x000000008a800000, 0x000000008a900000|  0%| F|  |TAMS 0x000000008a800000, 0x000000008a800000| Untracked 
| 169|0x000000008a900000, 0x000000008a981d00, 0x000000008aa00000| 50%| E|  |TAMS 0x000000008a900000, 0x000000008a900000| Complete 
| 170|0x000000008aa00000, 0x000000008ab00000, 0x000000008ab00000|100%| E|CS|TAMS 0x000000008aa00000, 0x000000008aa00000| Complete 
| 171|0x000000008ab00000, 0x000000008ac00000, 0x000000008ac00000|100%| E|CS|TAMS 0x000000008ab00000, 0x000000008ab00000| Complete 
| 172|0x000000008ac00000, 0x000000008ad00000, 0x000000008ad00000|100%| E|CS|TAMS 0x000000008ac00000, 0x000000008ac00000| Complete 
| 173|0x000000008ad00000, 0x000000008ae00000, 0x000000008ae00000|100%| E|CS|TAMS 0x000000008ad00000, 0x000000008ad00000| Complete 
| 174|0x000000008ae00000, 0x000000008af00000, 0x000000008af00000|100%| E|CS|TAMS 0x000000008ae00000, 0x000000008ae00000| Complete 
| 175|0x000000008af00000, 0x000000008b000000, 0x000000008b000000|100%| E|CS|TAMS 0x000000008af00000, 0x000000008af00000| Complete 
| 176|0x000000008b000000, 0x000000008b100000, 0x000000008b100000|100%| E|CS|TAMS 0x000000008b000000, 0x000000008b000000| Complete 
| 177|0x000000008b100000, 0x000000008b200000, 0x000000008b200000|100%| E|CS|TAMS 0x000000008b100000, 0x000000008b100000| Complete 
| 178|0x000000008b200000, 0x000000008b300000, 0x000000008b300000|100%| E|CS|TAMS 0x000000008b200000, 0x000000008b200000| Complete 
| 179|0x000000008b300000, 0x000000008b400000, 0x000000008b400000|100%| E|CS|TAMS 0x000000008b300000, 0x000000008b300000| Complete 
| 180|0x000000008b400000, 0x000000008b500000, 0x000000008b500000|100%| E|CS|TAMS 0x000000008b400000, 0x000000008b400000| Complete 
| 181|0x000000008b500000, 0x000000008b600000, 0x000000008b600000|100%| E|CS|TAMS 0x000000008b500000, 0x000000008b500000| Complete 
| 182|0x000000008b600000, 0x000000008b700000, 0x000000008b700000|100%| E|CS|TAMS 0x000000008b600000, 0x000000008b600000| Complete 
| 183|0x000000008b700000, 0x000000008b800000, 0x000000008b800000|100%| E|CS|TAMS 0x000000008b700000, 0x000000008b700000| Complete 
| 184|0x000000008b800000, 0x000000008b900000, 0x000000008b900000|100%| E|CS|TAMS 0x000000008b800000, 0x000000008b800000| Complete 
| 185|0x000000008b900000, 0x000000008ba00000, 0x000000008ba00000|100%| E|CS|TAMS 0x000000008b900000, 0x000000008b900000| Complete 
| 186|0x000000008ba00000, 0x000000008bb00000, 0x000000008bb00000|100%| E|CS|TAMS 0x000000008ba00000, 0x000000008ba00000| Complete 
| 187|0x000000008bb00000, 0x000000008bc00000, 0x000000008bc00000|100%| E|CS|TAMS 0x000000008bb00000, 0x000000008bb00000| Complete 
| 188|0x000000008bc00000, 0x000000008bd00000, 0x000000008bd00000|100%| E|CS|TAMS 0x000000008bc00000, 0x000000008bc00000| Complete 
| 189|0x000000008bd00000, 0x000000008be00000, 0x000000008be00000|100%| E|CS|TAMS 0x000000008bd00000, 0x000000008bd00000| Complete 
| 190|0x000000008be00000, 0x000000008bf00000, 0x000000008bf00000|100%| E|CS|TAMS 0x000000008be00000, 0x000000008be00000| Complete 
| 191|0x000000008bf00000, 0x000000008c000000, 0x000000008c000000|100%| E|CS|TAMS 0x000000008bf00000, 0x000000008bf00000| Complete 
| 192|0x000000008c000000, 0x000000008c100000, 0x000000008c100000|100%| E|CS|TAMS 0x000000008c000000, 0x000000008c000000| Complete 
| 193|0x000000008c100000, 0x000000008c200000, 0x000000008c200000|100%| E|CS|TAMS 0x000000008c100000, 0x000000008c100000| Complete 
| 194|0x000000008c200000, 0x000000008c300000, 0x000000008c300000|100%| E|CS|TAMS 0x000000008c200000, 0x000000008c200000| Complete 
| 195|0x000000008c300000, 0x000000008c400000, 0x000000008c400000|100%| E|CS|TAMS 0x000000008c300000, 0x000000008c300000| Complete 
| 196|0x000000008c400000, 0x000000008c500000, 0x000000008c500000|100%| E|CS|TAMS 0x000000008c400000, 0x000000008c400000| Complete 
| 197|0x000000008c500000, 0x000000008c600000, 0x000000008c600000|100%| E|CS|TAMS 0x000000008c500000, 0x000000008c500000| Complete 
| 198|0x000000008c600000, 0x000000008c700000, 0x000000008c700000|100%| E|CS|TAMS 0x000000008c600000, 0x000000008c600000| Complete 
| 199|0x000000008c700000, 0x000000008c800000, 0x000000008c800000|100%| E|CS|TAMS 0x000000008c700000, 0x000000008c700000| Complete 
| 200|0x000000008c800000, 0x000000008c900000, 0x000000008c900000|100%| E|CS|TAMS 0x000000008c800000, 0x000000008c800000| Complete 
| 201|0x000000008c900000, 0x000000008ca00000, 0x000000008ca00000|100%| E|CS|TAMS 0x000000008c900000, 0x000000008c900000| Complete 
| 202|0x000000008ca00000, 0x000000008cb00000, 0x000000008cb00000|100%| E|CS|TAMS 0x000000008ca00000, 0x000000008ca00000| Complete 
| 203|0x000000008cb00000, 0x000000008cc00000, 0x000000008cc00000|100%| E|CS|TAMS 0x000000008cb00000, 0x000000008cb00000| Complete 
| 204|0x000000008cc00000, 0x000000008cd00000, 0x000000008cd00000|100%| E|CS|TAMS 0x000000008cc00000, 0x000000008cc00000| Complete 
| 205|0x000000008cd00000, 0x000000008ce00000, 0x000000008ce00000|100%| E|CS|TAMS 0x000000008cd00000, 0x000000008cd00000| Complete 
| 206|0x000000008ce00000, 0x000000008cf00000, 0x000000008cf00000|100%| E|CS|TAMS 0x000000008ce00000, 0x000000008ce00000| Complete 
| 207|0x000000008cf00000, 0x000000008d000000, 0x000000008d000000|100%| E|CS|TAMS 0x000000008cf00000, 0x000000008cf00000| Complete 
| 208|0x000000008d000000, 0x000000008d100000, 0x000000008d100000|100%| E|CS|TAMS 0x000000008d000000, 0x000000008d000000| Complete 
| 209|0x000000008d100000, 0x000000008d200000, 0x000000008d200000|100%| E|CS|TAMS 0x000000008d100000, 0x000000008d100000| Complete 
| 210|0x000000008d200000, 0x000000008d300000, 0x000000008d300000|100%| E|CS|TAMS 0x000000008d200000, 0x000000008d200000| Complete 
| 211|0x000000008d300000, 0x000000008d400000, 0x000000008d400000|100%| E|CS|TAMS 0x000000008d300000, 0x000000008d300000| Complete 
| 212|0x000000008d400000, 0x000000008d500000, 0x000000008d500000|100%| E|CS|TAMS 0x000000008d400000, 0x000000008d400000| Complete 
| 213|0x000000008d500000, 0x000000008d600000, 0x000000008d600000|100%| E|CS|TAMS 0x000000008d500000, 0x000000008d500000| Complete 
| 214|0x000000008d600000, 0x000000008d700000, 0x000000008d700000|100%| E|CS|TAMS 0x000000008d600000, 0x000000008d600000| Complete 
| 215|0x000000008d700000, 0x000000008d800000, 0x000000008d800000|100%| E|CS|TAMS 0x000000008d700000, 0x000000008d700000| Complete 
| 216|0x000000008d800000, 0x000000008d900000, 0x000000008d900000|100%| E|CS|TAMS 0x000000008d800000, 0x000000008d800000| Complete 
| 217|0x000000008d900000, 0x000000008da00000, 0x000000008da00000|100%| E|CS|TAMS 0x000000008d900000, 0x000000008d900000| Complete 
| 218|0x000000008da00000, 0x000000008db00000, 0x000000008db00000|100%| E|CS|TAMS 0x000000008da00000, 0x000000008da00000| Complete 
| 219|0x000000008db00000, 0x000000008dc00000, 0x000000008dc00000|100%| E|CS|TAMS 0x000000008db00000, 0x000000008db00000| Complete 
| 220|0x000000008dc00000, 0x000000008dd00000, 0x000000008dd00000|100%| E|CS|TAMS 0x000000008dc00000, 0x000000008dc00000| Complete 
| 221|0x000000008dd00000, 0x000000008dddad08, 0x000000008de00000| 85%| S|CS|TAMS 0x000000008dd00000, 0x000000008dd00000| Complete 
| 222|0x000000008de00000, 0x000000008df00000, 0x000000008df00000|100%| E|CS|TAMS 0x000000008de00000, 0x000000008de00000| Complete 
| 223|0x000000008df00000, 0x000000008e000000, 0x000000008e000000|100%| E|CS|TAMS 0x000000008df00000, 0x000000008df00000| Complete 
| 224|0x000000008e000000, 0x000000008e100000, 0x000000008e100000|100%| E|CS|TAMS 0x000000008e000000, 0x000000008e000000| Complete 
| 225|0x000000008e100000, 0x000000008e200000, 0x000000008e200000|100%| E|CS|TAMS 0x000000008e100000, 0x000000008e100000| Complete 
| 226|0x000000008e200000, 0x000000008e300000, 0x000000008e300000|100%| E|CS|TAMS 0x000000008e200000, 0x000000008e200000| Complete 
| 227|0x000000008e300000, 0x000000008e400000, 0x000000008e400000|100%| E|CS|TAMS 0x000000008e300000, 0x000000008e300000| Complete 
| 228|0x000000008e400000, 0x000000008e500000, 0x000000008e500000|100%| E|CS|TAMS 0x000000008e400000, 0x000000008e400000| Complete 
| 229|0x000000008e500000, 0x000000008e600000, 0x000000008e600000|100%| E|CS|TAMS 0x000000008e500000, 0x000000008e500000| Complete 
| 230|0x000000008e600000, 0x000000008e700000, 0x000000008e700000|100%| E|CS|TAMS 0x000000008e600000, 0x000000008e600000| Complete 
| 231|0x000000008e700000, 0x000000008e800000, 0x000000008e800000|100%| E|CS|TAMS 0x000000008e700000, 0x000000008e700000| Complete 
| 232|0x000000008e800000, 0x000000008e900000, 0x000000008e900000|100%| E|CS|TAMS 0x000000008e800000, 0x000000008e800000| Complete 
| 233|0x000000008e900000, 0x000000008ea00000, 0x000000008ea00000|100%| E|CS|TAMS 0x000000008e900000, 0x000000008e900000| Complete 
| 234|0x000000008ea00000, 0x000000008eb00000, 0x000000008eb00000|100%| E|CS|TAMS 0x000000008ea00000, 0x000000008ea00000| Complete 
| 235|0x000000008eb00000, 0x000000008ec00000, 0x000000008ec00000|100%| E|CS|TAMS 0x000000008eb00000, 0x000000008eb00000| Complete 
| 236|0x000000008ec00000, 0x000000008ed00000, 0x000000008ed00000|100%| E|CS|TAMS 0x000000008ec00000, 0x000000008ec00000| Complete 
| 237|0x000000008ed00000, 0x000000008ee00000, 0x000000008ee00000|100%| E|CS|TAMS 0x000000008ed00000, 0x000000008ed00000| Complete 
| 238|0x000000008ee00000, 0x000000008ef00000, 0x000000008ef00000|100%| E|CS|TAMS 0x000000008ee00000, 0x000000008ee00000| Complete 
| 239|0x000000008ef00000, 0x000000008f000000, 0x000000008f000000|100%| E|CS|TAMS 0x000000008ef00000, 0x000000008ef00000| Complete 
| 240|0x000000008f000000, 0x000000008f100000, 0x000000008f100000|100%| E|CS|TAMS 0x000000008f000000, 0x000000008f000000| Complete 
| 241|0x000000008f100000, 0x000000008f200000, 0x000000008f200000|100%| E|CS|TAMS 0x000000008f100000, 0x000000008f100000| Complete 
| 242|0x000000008f200000, 0x000000008f300000, 0x000000008f300000|100%| E|CS|TAMS 0x000000008f200000, 0x000000008f200000| Complete 
| 243|0x000000008f300000, 0x000000008f400000, 0x000000008f400000|100%| E|CS|TAMS 0x000000008f300000, 0x000000008f300000| Complete 
| 244|0x000000008f400000, 0x000000008f500000, 0x000000008f500000|100%| E|CS|TAMS 0x000000008f400000, 0x000000008f400000| Complete 
| 245|0x000000008f500000, 0x000000008f600000, 0x000000008f600000|100%| E|CS|TAMS 0x000000008f500000, 0x000000008f500000| Complete 
| 246|0x000000008f600000, 0x000000008f700000, 0x000000008f700000|100%| E|CS|TAMS 0x000000008f600000, 0x000000008f600000| Complete 
| 247|0x000000008f700000, 0x000000008f800000, 0x000000008f800000|100%| E|CS|TAMS 0x000000008f700000, 0x000000008f700000| Complete 
| 248|0x000000008f800000, 0x000000008f900000, 0x000000008f900000|100%| E|CS|TAMS 0x000000008f800000, 0x000000008f800000| Complete 
| 249|0x000000008f900000, 0x000000008fa00000, 0x000000008fa00000|100%| E|CS|TAMS 0x000000008f900000, 0x000000008f900000| Complete 
| 250|0x000000008fa00000, 0x000000008fb00000, 0x000000008fb00000|100%| E|CS|TAMS 0x000000008fa00000, 0x000000008fa00000| Complete 
| 251|0x000000008fb00000, 0x000000008fc00000, 0x000000008fc00000|100%| E|CS|TAMS 0x000000008fb00000, 0x000000008fb00000| Complete 

Card table byte_map: [0x000001e5c5830000,0x000001e5c5c30000] _byte_map_base: 0x000001e5c5430000

Marking Bits (Prev, Next): (CMBitMap*) 0x000001e5ac476720, (CMBitMap*) 0x000001e5ac476760
 Prev Bits: [0x000001e5c6030000, 0x000001e5c8030000)
 Next Bits: [0x000001e5c8030000, 0x000001e5ca030000)

Polling page: 0x000001e5ac380000

Metaspace:

Usage:
  Non-class:     14.09 MB used.
      Class:      2.34 MB used.
       Both:     16.43 MB used.

Virtual space:
  Non-class space:       64.00 MB reserved,      14.25 MB ( 22%) committed,  1 nodes.
      Class space:      416.00 MB reserved,       2.44 MB ( <1%) committed,  1 nodes.
             Both:      480.00 MB reserved,      16.69 MB (  3%) committed. 

Chunk freelists:
   Non-Class:  1.58 MB
       Class:  13.56 MB
        Both:  15.14 MB

MaxMetaspaceSize: 512.00 MB
CompressedClassSpaceSize: 416.00 MB
Initial GC threshold: 21.00 MB
Current GC threshold: 21.00 MB
CDS: on
MetaspaceReclaimPolicy: balanced
 - commit_granule_bytes: 65536.
 - commit_granule_words: 8192.
 - virtual_space_node_default_size: 8388608.
 - enlarge_chunks_in_place: 1.
 - new_chunks_are_fully_committed: 0.
 - uncommit_free_chunks: 1.
 - use_allocation_guard: 0.
 - handle_deallocations: 1.


Internal statistics:

num_allocs_failed_limit: 0.
num_arena_births: 204.
num_arena_deaths: 0.
num_vsnodes_births: 2.
num_vsnodes_deaths: 0.
num_space_committed: 267.
num_space_uncommitted: 0.
num_chunks_returned_to_freelist: 0.
num_chunks_taken_from_freelist: 730.
num_chunk_merges: 0.
num_chunk_splits: 500.
num_chunks_enlarged: 387.
num_inconsistent_stats: 0.

CodeHeap 'non-profiled nmethods': size=119168Kb used=1317Kb max_used=1317Kb free=117850Kb
 bounds [0x000001e5bd020000, 0x000001e5bd290000, 0x000001e5c4480000]
CodeHeap 'profiled nmethods': size=119104Kb used=5336Kb max_used=5336Kb free=113767Kb
 bounds [0x000001e5b5480000, 0x000001e5b59c0000, 0x000001e5bc8d0000]
CodeHeap 'non-nmethods': size=7488Kb used=2916Kb max_used=2972Kb free=4571Kb
 bounds [0x000001e5bc8d0000, 0x000001e5bcbd0000, 0x000001e5bd020000]
 total_blobs=3053 nmethods=2513 adapters=449
 compilation: enabled
              stopped_count=0, restarted_count=0
 full_count=0

Compilation events (20 events):
Event: 1.871 Thread 0x000001e5cd14c450 2505       3       jdk.internal.reflect.Reflection::isSubclassOf (21 bytes)
Event: 1.871 Thread 0x000001e5cd277370 2504       3       jdk.internal.reflect.ReflectionFactory::newConstructorAccessor (155 bytes)
Event: 1.871 Thread 0x000001e5cd14c450 nmethod 2505 0x000001e5b59ae010 code [0x000001e5b59ae1c0, 0x000001e5b59ae408]
Event: 1.871 Thread 0x000001e5cd14c450 2507       3       java.util.concurrent.locks.AbstractOwnableSynchronizer::<init> (5 bytes)
Event: 1.871 Thread 0x000001e5cd276da0 2506       3       java.util.concurrent.locks.AbstractQueuedSynchronizer::<init> (5 bytes)
Event: 1.871 Thread 0x000001e5cd14c450 nmethod 2507 0x000001e5b59ae510 code [0x000001e5b59ae6a0, 0x000001e5b59ae7f8]
Event: 1.871 Thread 0x000001e5cd276da0 nmethod 2506 0x000001e5b59ae890 code [0x000001e5b59aea40, 0x000001e5b59aebf8]
Event: 1.871 Thread 0x000001e5cd14c450 2508       3       java.lang.reflect.ProxyGenerator$ProxyMethod::emitIconstInsn (75 bytes)
Event: 1.872 Thread 0x000001e5cd14c450 nmethod 2508 0x000001e5b59aed10 code [0x000001e5b59aef40, 0x000001e5b59af818]
Event: 1.873 Thread 0x000001e5cd277370 nmethod 2504 0x000001e5b59afa90 code [0x000001e5b59afe00, 0x000001e5b59b14d8]
Event: 1.873 Thread 0x000001e5cd14c450 2509       3       org.gradle.internal.service.DefaultServiceRegistry$SingletonService::getAll (23 bytes)
Event: 1.873 Thread 0x000001e5cd14c450 nmethod 2509 0x000001e5b59b1c90 code [0x000001e5b59b1e60, 0x000001e5b59b2108]
Event: 1.881 Thread 0x000001e5cd14c450 2511       3       java.lang.reflect.Proxy::newProxyInstance (35 bytes)
Event: 1.881 Thread 0x000001e5cd281960 2512       3       java.lang.reflect.Proxy::getProxyConstructor (92 bytes)
Event: 1.881 Thread 0x000001e5cd277370 2513   !   3       java.lang.reflect.Proxy::newProxyInstance (75 bytes)
Event: 1.881 Thread 0x000001e5cd276da0 2514       3       java.lang.reflect.Proxy::<init> (15 bytes)
Event: 1.881 Thread 0x000001e5cd276da0 nmethod 2514 0x000001e5b59b2290 code [0x000001e5b59b2440, 0x000001e5b59b2768]
Event: 1.881 Thread 0x000001e5cd14c450 nmethod 2511 0x000001e5b59b2890 code [0x000001e5b59b2a80, 0x000001e5b59b2ed8]
Event: 1.881 Thread 0x000001e5cd277370 nmethod 2513 0x000001e5b59b3090 code [0x000001e5b59b3300, 0x000001e5b59b3ef8]
Event: 1.881 Thread 0x000001e5cd281960 nmethod 2512 0x000001e5b59b4390 code [0x000001e5b59b46a0, 0x000001e5b59b5d68]

GC Heap History (4 events):
Event: 0.366 GC heap before
{Heap before GC invocations=0 (full 0):
 garbage-first heap   total 258048K, used 26624K [0x0000000080000000, 0x0000000100000000)
  region size 1024K, 23 young (23552K), 0 survivors (0K)
 Metaspace       used 2967K, committed 3136K, reserved 491520K
  class space    used 372K, committed 448K, reserved 425984K
}
Event: 0.369 GC heap after
{Heap after GC invocations=1 (full 0):
 garbage-first heap   total 258048K, used 10634K [0x0000000080000000, 0x0000000100000000)
  region size 1024K, 3 young (3072K), 3 survivors (3072K)
 Metaspace       used 2967K, committed 3136K, reserved 491520K
  class space    used 372K, committed 448K, reserved 425984K
}
Event: 0.557 GC heap before
{Heap before GC invocations=1 (full 0):
 garbage-first heap   total 258048K, used 38282K [0x0000000080000000, 0x0000000100000000)
  region size 1024K, 30 young (30720K), 3 survivors (3072K)
 Metaspace       used 4063K, committed 4224K, reserved 491520K
  class space    used 492K, committed 576K, reserved 425984K
}
Event: 0.559 GC heap after
{Heap after GC invocations=2 (full 0):
 garbage-first heap   total 258048K, used 11232K [0x0000000080000000, 0x0000000100000000)
  region size 1024K, 1 young (1024K), 1 survivors (1024K)
 Metaspace       used 4063K, committed 4224K, reserved 491520K
  class space    used 492K, committed 576K, reserved 425984K
}

Deoptimization events (20 events):
Event: 1.659 Thread 0x000001e5cd273ad0 Uncommon trap: trap_request=0xffffff45 fr.pc=0x000001e5bd03ef34 relative=0x0000000000000194
Event: 1.659 Thread 0x000001e5cd273ad0 Uncommon trap: reason=unstable_if action=reinterpret pc=0x000001e5bd03ef34 method=java.util.regex.Matcher.reset()Ljava/util/regex/Matcher; @ 47 c2
Event: 1.659 Thread 0x000001e5cd273ad0 DEOPT PACKING pc=0x000001e5bd03ef34 sp=0x0000006290cfaba0
Event: 1.659 Thread 0x000001e5cd273ad0 DEOPT UNPACKING pc=0x000001e5bc9223a3 sp=0x0000006290cfab30 mode 2
Event: 1.672 Thread 0x000001e5cd273ad0 Uncommon trap: trap_request=0xffffff45 fr.pc=0x000001e5bd0ae84c relative=0x000000000000072c
Event: 1.672 Thread 0x000001e5cd273ad0 Uncommon trap: reason=unstable_if action=reinterpret pc=0x000001e5bd0ae84c method=java.util.ArrayList.grow(I)[Ljava/lang/Object; @ 17 c2
Event: 1.672 Thread 0x000001e5cd273ad0 DEOPT PACKING pc=0x000001e5bd0ae84c sp=0x0000006290cfcd10
Event: 1.672 Thread 0x000001e5cd273ad0 DEOPT UNPACKING pc=0x000001e5bc9223a3 sp=0x0000006290cfcba8 mode 2
Event: 1.690 Thread 0x000001e5cd273ad0 Uncommon trap: trap_request=0xffffff45 fr.pc=0x000001e5bd042a9c relative=0x0000000000000a9c
Event: 1.690 Thread 0x000001e5cd273ad0 Uncommon trap: reason=unstable_if action=reinterpret pc=0x000001e5bd042a9c method=java.io.WinNTFileSystem.resolve(Ljava/lang/String;Ljava/lang/String;)Ljava/lang/String; @ 19 c2
Event: 1.690 Thread 0x000001e5cd273ad0 DEOPT PACKING pc=0x000001e5bd042a9c sp=0x0000006290cfcbf0
Event: 1.690 Thread 0x000001e5cd273ad0 DEOPT UNPACKING pc=0x000001e5bc9223a3 sp=0x0000006290cfcb98 mode 2
Event: 1.691 Thread 0x000001e5cd273ad0 Uncommon trap: trap_request=0xffffff45 fr.pc=0x000001e5bd098424 relative=0x00000000000005e4
Event: 1.691 Thread 0x000001e5cd273ad0 Uncommon trap: reason=unstable_if action=reinterpret pc=0x000001e5bd098424 method=java.io.File.getName()Ljava/lang/String; @ 16 c2
Event: 1.691 Thread 0x000001e5cd273ad0 DEOPT PACKING pc=0x000001e5bd098424 sp=0x0000006290cfcb90
Event: 1.691 Thread 0x000001e5cd273ad0 DEOPT UNPACKING pc=0x000001e5bc9223a3 sp=0x0000006290cfcb60 mode 2
Event: 1.878 Thread 0x000001e5cd273ad0 DEOPT PACKING pc=0x000001e5b589bec9 sp=0x0000006290cfb7b0
Event: 1.878 Thread 0x000001e5cd273ad0 DEOPT UNPACKING pc=0x000001e5bc922b43 sp=0x0000006290cfacc0 mode 0
Event: 1.890 Thread 0x000001e5cd273ad0 DEOPT PACKING pc=0x000001e5b589beea sp=0x0000006290cfbc40
Event: 1.890 Thread 0x000001e5cd273ad0 DEOPT UNPACKING pc=0x000001e5bc922b43 sp=0x0000006290cfb150 mode 0

Classes unloaded (0 events):
No events

Classes redefined (0 events):
No events

Internal exceptions (20 events):
Event: 1.270 Thread 0x000001e5cd273ad0 Exception <a 'java/lang/NoSuchMethodError'{0x000000008cf8fa80}: 'long java.lang.invoke.DirectMethodHandle$Holder.invokeInterface(java.lang.Object, java.lang.Object)'> (0x000000008cf8fa80) 
thrown [s\open\src\hotspot\share\interpreter\linkResolver.cpp, line 759]
Event: 1.276 Thread 0x000001e5cd273ad0 Exception <a 'java/lang/NoSuchMethodError'{0x000000008cfc74b0}: 'java.lang.Object java.lang.invoke.DirectMethodHandle$Holder.invokeVirtual(java.lang.Object, java.lang.Object, java.lang.Object)'> (0x000000008cfc74b0) 
thrown [s\open\src\hotspot\share\interpreter\linkResolver.cpp, line 759]
Event: 1.344 Thread 0x000001e5cd273ad0 Exception <a 'java/lang/NoSuchMethodError'{0x000000008cb78bf8}: 'void java.lang.invoke.DirectMethodHandle$Holder.invokeStatic(java.lang.Object, java.lang.Object)'> (0x000000008cb78bf8) 
thrown [s\open\src\hotspot\share\interpreter\linkResolver.cpp, line 759]
Event: 1.436 Thread 0x000001e5cd273ad0 Exception <a 'java/lang/NoSuchMethodError'{0x000000008c7e6348}: 'java.lang.Object java.lang.invoke.DirectMethodHandle$Holder.newInvokeSpecial(java.lang.Object, java.lang.Object, java.lang.Object, java.lang.Object, java.lang.Object, java.lang.Object)'> (0x000000008c7e6348) 
thrown [s\open\src\hotspot\share\interpreter\linkResolver.cpp, line 759]
Event: 1.437 Thread 0x000001e5cd273ad0 Exception <a 'java/lang/NoSuchMethodError'{0x000000008c7fde50}: 'void java.lang.invoke.DirectMethodHandle$Holder.invokeSpecial(java.lang.Object, java.lang.Object, java.lang.Object, java.lang.Object, java.lang.Object)'> (0x000000008c7fde50) 
thrown [s\open\src\hotspot\share\interpreter\linkResolver.cpp, line 759]
Event: 1.437 Thread 0x000001e5cd273ad0 Exception <a 'java/lang/NoSuchMethodError'{0x000000008c612330}: 'void java.lang.invoke.DirectMethodHandle$Holder.invokeStaticInit(java.lang.Object, java.lang.Object)'> (0x000000008c612330) 
thrown [s\open\src\hotspot\share\interpreter\linkResolver.cpp, line 759]
Event: 1.459 Thread 0x000001e5cd273ad0 Exception <a 'java/lang/NoSuchMethodError'{0x000000008c51bd00}: 'java.lang.Object java.lang.invoke.DirectMethodHandle$Holder.newInvokeSpecial(java.lang.Object, java.lang.Object, java.lang.Object, int, java.lang.Object, java.lang.Object)'> (0x000000008c51bd00) 
thrown [s\open\src\hotspot\share\interpreter\linkResolver.cpp, line 759]
Event: 1.497 Thread 0x000001e5cd273ad0 Exception <a 'java/lang/NoSuchMethodError'{0x000000008c4dbe68}: 'void java.lang.invoke.DelegatingMethodHandle$Holder.reinvoke_L(java.lang.Object, java.lang.Object, java.lang.Object, java.lang.Object, java.lang.Object, java.lang.Object, java.lang.Object, java.lang.Object, java.lang.Object, java.lang.Object)'> (0x000000008c4dbe68) 
thrown [s\open\src\hotspot\share\interpreter\linkResolver.cpp, line 759]
Event: 1.498 Thread 0x000001e5cd273ad0 Exception <a 'java/lang/NoSuchMethodError'{0x000000008c4e42d8}: 'java.lang.Object java.lang.invoke.DirectMethodHandle$Holder.invokeSpecial(java.lang.Object, java.lang.Object, java.lang.Object, java.lang.Object, java.lang.Object, java.lang.Object, java.lang.Object, java.lang.Object, java.lang.Object, java.lang.Object)'> (0x000000008c4e42d8) 
thrown [s\open\src\hotspot\share\interpreter\linkResolver.cpp, line 759]
Event: 1.498 Thread 0x000001e5cd273ad0 Exception <a 'java/lang/NoSuchMethodError'{0x000000008c4e8ba8}: 'java.lang.Object java.lang.invoke.Invokers$Holder.invoker(java.lang.Object, java.lang.Object, java.lang.Object, java.lang.Object, java.lang.Object, java.lang.Object, java.lang.Object, java.lang.Object, java.lang.Object, java.lang.Object)'> (0x000000008c4e8ba8) 
thrown [s\open\src\hotspot\share\interpreter\linkResolver.cpp, line 759]
Event: 1.498 Thread 0x000001e5cd273ad0 Exception <a 'java/lang/NoSuchMethodError'{0x000000008c4ee730}: 'java.lang.Object java.lang.invoke.DirectMethodHandle$Holder.invokeSpecial(java.lang.Object, java.lang.Object, java.lang.Object, java.lang.Object, java.lang.Object, java.lang.Object, java.lang.Object, java.lang.Object, java.lang.Object, java.lang.Object, java.lang.Object)'> (0x000000008c4ee730) 
thrown [s\open\src\hotspot\share\interpreter\linkResolver.cpp, line 759]
Event: 1.612 Thread 0x000001e5cd273ad0 Exception <a 'java/lang/NoSuchMethodError'{0x000000008bedea70}: 'void java.lang.invoke.DirectMethodHandle$Holder.invokeStaticInit(java.lang.Object)'> (0x000000008bedea70) 
thrown [s\open\src\hotspot\share\interpreter\linkResolver.cpp, line 759]
Event: 1.622 Thread 0x000001e5cd273ad0 Exception <a 'java/lang/NoSuchMethodError'{0x000000008bd8ed60}: 'java.lang.Object java.lang.invoke.DirectMethodHandle$Holder.newInvokeSpecial(java.lang.Object, java.lang.Object, java.lang.Object, int)'> (0x000000008bd8ed60) 
thrown [s\open\src\hotspot\share\interpreter\linkResolver.cpp, line 759]
Event: 1.622 Thread 0x000001e5cd273ad0 Exception <a 'java/lang/NoSuchMethodError'{0x000000008bd93690}: 'java.lang.Object java.lang.invoke.DirectMethodHandle$Holder.invokeSpecial(java.lang.Object, java.lang.Object, java.lang.Object, java.lang.Object, int)'> (0x000000008bd93690) 
thrown [s\open\src\hotspot\share\interpreter\linkResolver.cpp, line 759]
Event: 1.622 Thread 0x000001e5cd273ad0 Exception <a 'java/lang/NoSuchMethodError'{0x000000008bd977a8}: 'java.lang.Object java.lang.invoke.Invokers$Holder.linkToTargetMethod(java.lang.Object, java.lang.Object, int, java.lang.Object)'> (0x000000008bd977a8) 
thrown [s\open\src\hotspot\share\interpreter\linkResolver.cpp, line 759]
Event: 1.842 Thread 0x000001e5cd273ad0 Exception <a 'java/lang/NoSuchMethodError'{0x000000008aff3a28}: 'int java.lang.invoke.DirectMethodHandle$Holder.invokeSpecialIFC(java.lang.Object, java.lang.Object, java.lang.Object, java.lang.Object)'> (0x000000008aff3a28) 
thrown [s\open\src\hotspot\share\interpreter\linkResolver.cpp, line 759]
Event: 1.844 Thread 0x000001e5cd273ad0 Exception <a 'java/lang/NoSuchMethodError'{0x000000008ae03138}: 'java.lang.Object java.lang.invoke.DirectMethodHandle$Holder.invokeInterface(java.lang.Object, java.lang.Object, java.lang.Object)'> (0x000000008ae03138) 
thrown [s\open\src\hotspot\share\interpreter\linkResolver.cpp, line 759]
Event: 1.844 Thread 0x000001e5cd273ad0 Exception <a 'java/lang/IncompatibleClassChangeError'{0x000000008ae06ff8}: Found class java.lang.Object, but interface was expected> (0x000000008ae06ff8) 
thrown [s\open\src\hotspot\share\interpreter\linkResolver.cpp, line 826]
Event: 1.880 Thread 0x000001e5cd273ad0 Exception <a 'java/lang/NoSuchMethodError'{0x000000008ac70d48}: 'int java.lang.invoke.DirectMethodHandle$Holder.invokeStatic(java.lang.Object, java.lang.Object, java.lang.Object, java.lang.Object)'> (0x000000008ac70d48) 
thrown [s\open\src\hotspot\share\interpreter\linkResolver.cpp, line 759]
Event: 1.880 Thread 0x000001e5cd273ad0 Exception <a 'java/lang/NoSuchMethodError'{0x000000008ac74970}: 'java.lang.Object java.lang.invoke.Invokers$Holder.invokeExact_MT(java.lang.Object, java.lang.Object, java.lang.Object, java.lang.Object, java.lang.Object, java.lang.Object)'> (0x000000008ac74970) 
thrown [s\open\src\hotspot\share\interpreter\linkResolver.cpp, line 759]

VM Operations (20 events):
Event: 0.883 Executing VM operation: HandshakeAllThreads
Event: 0.883 Executing VM operation: HandshakeAllThreads done
Event: 0.914 Executing VM operation: HandshakeAllThreads
Event: 0.914 Executing VM operation: HandshakeAllThreads done
Event: 0.954 Executing VM operation: HandshakeAllThreads
Event: 0.955 Executing VM operation: HandshakeAllThreads done
Event: 1.121 Executing VM operation: HandshakeAllThreads
Event: 1.121 Executing VM operation: HandshakeAllThreads done
Event: 1.167 Executing VM operation: HandshakeAllThreads
Event: 1.167 Executing VM operation: HandshakeAllThreads done
Event: 1.226 Executing VM operation: ICBufferFull
Event: 1.226 Executing VM operation: ICBufferFull done
Event: 1.696 Executing VM operation: HandshakeAllThreads
Event: 1.696 Executing VM operation: HandshakeAllThreads done
Event: 1.696 Executing VM operation: HandshakeAllThreads
Event: 1.696 Executing VM operation: HandshakeAllThreads done
Event: 1.717 Executing VM operation: HandshakeAllThreads
Event: 1.717 Executing VM operation: HandshakeAllThreads done
Event: 1.717 Executing VM operation: HandshakeAllThreads
Event: 1.717 Executing VM operation: HandshakeAllThreads done

Events (20 events):
Event: 1.845 loading class java/util/stream/ReduceOps$1ReducingSink
Event: 1.845 loading class java/util/stream/ReduceOps$1ReducingSink done
Event: 1.863 loading class java/lang/management/MemoryType
Event: 1.863 loading class java/lang/management/MemoryType done
Event: 1.863 loading class java/lang/management/MemoryUsage
Event: 1.863 loading class java/lang/management/MemoryUsage done
Event: 1.863 loading class java/util/concurrent/LinkedBlockingDeque$Node
Event: 1.863 loading class java/util/concurrent/LinkedBlockingDeque$Node done
Event: 1.865 loading class java/io/ObjectInputStream
Event: 1.866 loading class java/io/ObjectInput
Event: 1.866 loading class java/io/ObjectInput done
Event: 1.866 loading class java/io/ObjectStreamConstants
Event: 1.866 loading class java/io/ObjectStreamConstants done
Event: 1.866 loading class java/io/ObjectInputStream done
Event: 1.867 loading class java/io/ObjectOutputStream
Event: 1.867 loading class java/io/ObjectOutput
Event: 1.867 loading class java/io/ObjectOutput done
Event: 1.867 loading class java/io/ObjectOutputStream done
Event: 1.873 loading class java/lang/ThreadLocal$SuppliedThreadLocal
Event: 1.873 loading class java/lang/ThreadLocal$SuppliedThreadLocal done


Dynamic libraries:
0x00007ff7b1320000 - 0x00007ff7b1330000 	C:\Program Files\Java\jdk-17\bin\java.exe
0x00007ff985120000 - 0x00007ff985387000 	C:\WINDOWS\SYSTEM32\ntdll.dll
0x00007ff984d30000 - 0x00007ff984df9000 	C:\WINDOWS\System32\KERNEL32.DLL
0x00007ff981ee0000 - 0x00007ff9822d2000 	C:\WINDOWS\System32\KERNELBASE.dll
0x00007ff982be0000 - 0x00007ff982d2b000 	C:\WINDOWS\System32\ucrtbase.dll
0x00007ff96ef60000 - 0x00007ff96ef79000 	C:\Program Files\Java\jdk-17\bin\jli.dll
0x00007ff96ef40000 - 0x00007ff96ef5b000 	C:\Program Files\Java\jdk-17\bin\VCRUNTIME140.dll
0x00007ff982f90000 - 0x00007ff983043000 	C:\WINDOWS\System32\ADVAPI32.dll
0x00007ff9843e0000 - 0x00007ff984489000 	C:\WINDOWS\System32\msvcrt.dll
0x00007ff984640000 - 0x00007ff9846e6000 	C:\WINDOWS\System32\sechost.dll
0x00007ff9833f0000 - 0x00007ff983508000 	C:\WINDOWS\System32\RPCRT4.dll
0x00007ff983050000 - 0x00007ff983215000 	C:\WINDOWS\System32\USER32.dll
0x00007ff982e90000 - 0x00007ff982eb7000 	C:\WINDOWS\System32\win32u.dll
0x00007ff983770000 - 0x00007ff98379b000 	C:\WINDOWS\System32\GDI32.dll
0x00007ff966d90000 - 0x00007ff967023000 	C:\WINDOWS\WinSxS\amd64_microsoft.windows.common-controls_6595b64144ccf1df_6.0.26100.7733_none_3e0987e8e33353c7\COMCTL32.dll
0x00007ff981b80000 - 0x00007ff981caa000 	C:\WINDOWS\System32\gdi32full.dll
0x00007ff982d30000 - 0x00007ff982dd3000 	C:\WINDOWS\System32\msvcp_win.dll
0x00007ff97b7f0000 - 0x00007ff97b7fb000 	C:\WINDOWS\SYSTEM32\VERSION.dll
0x00007ff984860000 - 0x00007ff984891000 	C:\WINDOWS\System32\IMM32.DLL
0x00007ff96ef30000 - 0x00007ff96ef3c000 	C:\Program Files\Java\jdk-17\bin\vcruntime140_1.dll
0x00007ff922010000 - 0x00007ff92209e000 	C:\Program Files\Java\jdk-17\bin\msvcp140.dll
0x00007ff8b75c0000 - 0x00007ff8b81a0000 	C:\Program Files\Java\jdk-17\bin\server\jvm.dll
0x00007ff9846f0000 - 0x00007ff9846f8000 	C:\WINDOWS\System32\PSAPI.DLL
0x00007ff9457e0000 - 0x00007ff9457ea000 	C:\WINDOWS\SYSTEM32\WSOCK32.dll
0x00007ff984e00000 - 0x00007ff984e74000 	C:\WINDOWS\System32\WS2_32.dll
0x00007ff97ec30000 - 0x00007ff97ec65000 	C:\WINDOWS\SYSTEM32\WINMM.dll
0x00007ff9808c0000 - 0x00007ff9808db000 	C:\WINDOWS\SYSTEM32\kernel.appcore.dll
0x00007ff951ab0000 - 0x00007ff951aba000 	C:\Program Files\Java\jdk-17\bin\jimage.dll
0x00007ff97f8b0000 - 0x00007ff97faf2000 	C:\WINDOWS\SYSTEM32\DBGHELP.DLL
0x00007ff9838b0000 - 0x00007ff983c33000 	C:\WINDOWS\System32\combase.dll
0x00007ff984510000 - 0x00007ff9845e7000 	C:\WINDOWS\System32\OLEAUT32.dll
0x00007ff94d7b0000 - 0x00007ff94d7eb000 	C:\WINDOWS\SYSTEM32\dbgcore.DLL
0x00007ff982de0000 - 0x00007ff982e85000 	C:\WINDOWS\System32\bcryptPrimitives.dll
0x00007ff949ed0000 - 0x00007ff949ede000 	C:\Program Files\Java\jdk-17\bin\instrument.dll
0x00007ff9341f0000 - 0x00007ff934215000 	C:\Program Files\Java\jdk-17\bin\java.dll
0x00007ff90f4d0000 - 0x00007ff90f5a7000 	C:\Program Files\Java\jdk-17\bin\jsvml.dll
0x00007ff983c70000 - 0x00007ff9843d6000 	C:\WINDOWS\System32\SHELL32.dll
0x00007ff981d70000 - 0x00007ff981eda000 	C:\WINDOWS\System32\wintypes.dll
0x00007ff9822e0000 - 0x00007ff982b45000 	C:\WINDOWS\System32\windows.storage.dll
0x00007ff9837a0000 - 0x00007ff983899000 	C:\WINDOWS\System32\SHCORE.dll
0x00007ff982ec0000 - 0x00007ff982f27000 	C:\WINDOWS\System32\shlwapi.dll
0x00007ff981920000 - 0x00007ff981948000 	C:\WINDOWS\SYSTEM32\profapi.dll
0x00007ff9496a0000 - 0x00007ff9496b8000 	C:\Program Files\Java\jdk-17\bin\zip.dll
0x00007ff93dfc0000 - 0x00007ff93dfd9000 	C:\Program Files\Java\jdk-17\bin\net.dll
0x00007ff97b450000 - 0x00007ff97b577000 	C:\WINDOWS\SYSTEM32\WINHTTP.dll
0x00007ff980e30000 - 0x00007ff980e9b000 	C:\WINDOWS\system32\mswsock.dll
0x00007ff9345a0000 - 0x00007ff9345b6000 	C:\Program Files\Java\jdk-17\bin\nio.dll
0x00007ff93e850000 - 0x00007ff93e860000 	C:\Program Files\Java\jdk-17\bin\verify.dll
0x00007ff949ee0000 - 0x00007ff949f07000 	C:\Users\rajdi\.gradle\native\c067742578af261105cb4f569cf0c3c89f3d7b1fecec35dd04571415982c5e48\windows-amd64\native-platform.dll
0x00007ff8e3ca0000 - 0x00007ff8e3de4000 	C:\Users\rajdi\.gradle\native\38dada09dfb8b06ba9b0570ebf7e218e3eb74d4ef43ca46872605cf95ebc2f47\windows-amd64\native-platform-file-events.dll
0x00007ff9341e0000 - 0x00007ff9341ea000 	C:\Program Files\Java\jdk-17\bin\management.dll
0x00007ff922000000 - 0x00007ff92200b000 	C:\Program Files\Java\jdk-17\bin\management_ext.dll
0x00007ff981100000 - 0x00007ff98111b000 	C:\WINDOWS\SYSTEM32\CRYPTSP.dll
0x00007ff980820000 - 0x00007ff980859000 	C:\WINDOWS\system32\rsaenh.dll
0x00007ff980ee0000 - 0x00007ff980f12000 	C:\WINDOWS\SYSTEM32\USERENV.dll
0x00007ff9818f0000 - 0x00007ff98191a000 	C:\WINDOWS\SYSTEM32\bcrypt.dll
0x00007ff981120000 - 0x00007ff98112c000 	C:\WINDOWS\SYSTEM32\CRYPTBASE.dll
0x00007ff980250000 - 0x00007ff980283000 	C:\WINDOWS\SYSTEM32\IPHLPAPI.DLL
0x00007ff9838a0000 - 0x00007ff9838aa000 	C:\WINDOWS\System32\NSI.dll
0x00007ff97c3b0000 - 0x00007ff97c3ce000 	C:\WINDOWS\SYSTEM32\dhcpcsvc6.DLL
0x00007ff97c380000 - 0x00007ff97c3a3000 	C:\WINDOWS\SYSTEM32\dhcpcsvc.DLL
0x00007ff9802f0000 - 0x00007ff98041b000 	C:\WINDOWS\SYSTEM32\DNSAPI.dll
0x00007ff921ff0000 - 0x00007ff921ffe000 	C:\Program Files\Java\jdk-17\bin\sunmscapi.dll
0x00007ff981a00000 - 0x00007ff981b77000 	C:\WINDOWS\System32\CRYPT32.dll
0x00007ff981320000 - 0x00007ff981350000 	C:\WINDOWS\SYSTEM32\ncrypt.dll
0x00007ff9812d0000 - 0x00007ff98130f000 	C:\WINDOWS\SYSTEM32\NTASN1.dll
0x00007ff953b10000 - 0x00007ff953b18000 	C:\WINDOWS\system32\wshunix.dll

dbghelp: loaded successfully - version: 4.0.5 - missing functions: none
symbol engine: initialized successfully - sym options: 0x614 - pdb path: .;C:\Program Files\Java\jdk-17\bin;C:\WINDOWS\SYSTEM32;C:\WINDOWS\WinSxS\amd64_microsoft.windows.common-controls_6595b64144ccf1df_6.0.26100.7733_none_3e0987e8e33353c7;C:\Program Files\Java\jdk-17\bin\server;C:\Users\rajdi\.gradle\native\c067742578af261105cb4f569cf0c3c89f3d7b1fecec35dd04571415982c5e48\windows-amd64;C:\Users\rajdi\.gradle\native\38dada09dfb8b06ba9b0570ebf7e218e3eb74d4ef43ca46872605cf95ebc2f47\windows-amd64

VM Arguments:
jvm_args: -XX:MaxMetaspaceSize=512m --add-opens=java.base/java.util=ALL-UNNAMED --add-opens=java.base/java.lang=ALL-UNNAMED --add-opens=java.base/java.lang.invoke=ALL-UNNAMED --add-opens=java.prefs/java.util.prefs=ALL-UNNAMED --add-opens=java.base/java.nio.charset=ALL-UNNAMED --add-opens=java.base/java.net=ALL-UNNAMED --add-opens=java.base/java.util.concurrent.atomic=ALL-UNNAMED -Xmx2048m -Dfile.encoding=windows-1252 -Duser.country=IN -Duser.language=en -Duser.variant -javaagent:C:\Users\rajdi\.gradle\wrapper\dists\gradle-8.5-all\3zlzzgtsutfj0pbojr50n2l7z\gradle-8.5\lib\agents\gradle-instrumentation-agent-8.5.jar 
java_command: org.gradle.launcher.daemon.bootstrap.GradleDaemon 8.5
java_class_path (initial): C:\Users\rajdi\.gradle\wrapper\dists\gradle-8.5-all\3zlzzgtsutfj0pbojr50n2l7z\gradle-8.5\lib\gradle-launcher-8.5.jar
Launcher Type: SUN_STANDARD

[Global flags]
     intx CICompilerCount                          = 12                                        {product} {ergonomic}
   size_t CompressedClassSpaceSize                 = 436207616                                 {product} {ergonomic}
     uint ConcGCThreads                            = 3                                         {product} {ergonomic}
     uint G1ConcRefinementThreads                  = 13                                        {product} {ergonomic}
   size_t G1HeapRegionSize                         = 1048576                                   {product} {ergonomic}
    uintx GCDrainStackTargetSize                   = 64                                        {product} {ergonomic}
   size_t InitialHeapSize                          = 264241152                                 {product} {ergonomic}
   size_t MarkStackSize                            = 4194304                                   {product} {ergonomic}
   size_t MaxHeapSize                              = 2147483648                                {product} {command line}
   size_t MaxMetaspaceSize                         = 536870912                                 {product} {command line}
   size_t MaxNewSize                               = 1287651328                                {product} {ergonomic}
   size_t MinHeapDeltaBytes                        = 1048576                                   {product} {ergonomic}
   size_t MinHeapSize                              = 8388608                                   {product} {ergonomic}
    uintx NonNMethodCodeHeapSize                   = 7602480                                {pd product} {ergonomic}
    uintx NonProfiledCodeHeapSize                  = 122027880                              {pd product} {ergonomic}
    uintx ProfiledCodeHeapSize                     = 122027880                              {pd product} {ergonomic}
    uintx ReservedCodeCacheSize                    = 251658240                              {pd product} {ergonomic}
     bool SegmentedCodeCache                       = true                                      {product} {ergonomic}
   size_t SoftMaxHeapSize                          = 2147483648                             {manageable} {ergonomic}
     bool UseCompressedClassPointers               = true                           {product lp64_product} {ergonomic}
     bool UseCompressedOops                        = true                           {product lp64_product} {ergonomic}
     bool UseG1GC                                  = true                                      {product} {ergonomic}
     bool UseLargePagesIndividualAllocation        = false                                  {pd product} {ergonomic}

Logging:
Log output configuration:
 #0: stdout all=warning uptime,level,tags
 #1: stderr all=off uptime,level,tags

Environment Variables:
JAVA_HOME=C:\Program Files\Java\jdk-17
CLASSPATH=D:\SUVIDHHAAI\android\\gradle\wrapper\gradle-wrapper.jar
PATH=C:\Program Files\Common Files\Oracle\Java\javapath;D:\Scripts\;c:\Users\rajdi\AppData\Local\Programs\cursor\resources\app\bin;C:\Windows\system32;C:\Windows;C:\Windows\System32\Wbem;C:\Windows\System32\WindowsPowerShell\v1.0\;C:\Windows\System32\OpenSSH\;C:\Program Files\dotnet\;C:\Program Files (x86)\NVIDIA Corporation\PhysX\Common;C:\MinGW\bin;C:\Program Files (x86)\Microsoft SQL Server\160\Tools\Binn\;C:\Program Files\Microsoft SQL Server\160\Tools\Binn\;C:\Program Files\Microsoft SQL Server\Client SDK\ODBC\170\Tools\Binn\;C:\Program Files\Microsoft SQL Server\160\DTS\Binn\;C:\ProgramData\chocolatey\bin;C:\Program Files\NVIDIA Corporation\NVIDIA app\NvDLISR;C:\Program Files\Git\cmd;C:\Users\rajdi\AppData\Local\Programs\Python\Launcher\;C:\Users\rajdi\AppData\Local\Microsoft\WindowsApps;C:\Users\rajdi\AppData\Local\GitHubDesktop\bin;C:\Users\rajdi\AppData\Roaming\npm;C:\Users\rajdi\AppData\Local\Programs\Windsurf\bin;C:\Users\rajdi\AppData\Local\Programs\mongosh\;C:\WINDOWS\system32;C:\WINDOWS;C:\WINDOWS\System32\Wbem;C:\WINDOWS\System32\WindowsPowerShell\v1.0\;C:\WINDOWS\System32\OpenSSH\;D:\;C:\Program Files\Warp\bin;;C:\Program Files\Docker\Docker\resources\bin;C:\Users\rajdi\.cargo\bin;C:\Users\rajdi\AppData\Local\Programs\Python\Python310\Scripts\;C:\Users\rajdi\AppData\Local\Programs\Python\Python310\;C:\Users\rajdi\AppData\Local\Programs\Python\Launcher\;C:\Users\rajdi\AppData\Local\Microsoft\WindowsApps;C:\Users\rajdi\AppData\Local\Programs\Microsoft VS Code\bin;C:\Users\rajdi\AppData\Local\GitHubDesktop\bin;C:\Program Files\MongoDB\Server\8.0\bin;C:\Users\rajdi\AppData\Roaming\npm;C:\Users\rajdi\.bun\bin;C:\Users\rajdi\AppData\Local\Microsoft\WindowsApps;C:\Users\rajdi\AppData\Local\Programs\cursor\resources\app\bin;C:\Users\rajdi\AppData\Local\Programs\Antigravity\bin;D:\Kiro\bin;C:\Program Files\Java\jdk-17\bin;C:\Users\rajdi\AppData\Local\Android\Sdk\platform-tools
USERNAME=rajdi
LANG=en_US.UTF-8
OS=Windows_NT
PROCESSOR_IDENTIFIER=Intel64 Family 6 Model 183 Stepping 1, GenuineIntel



---------------  S Y S T E M  ---------------

OS:
 Windows 11 , 64 bit Build 26100 (10.0.26100.7733)
OS uptime: 0 days 0:41 hours
Hyper-V role detected

CPU: total 16 (initial active 16) (8 cores per cpu, 2 threads per core) family 6 model 183 stepping 1 microcode 0x12f, cx8, cmov, fxsr, ht, mmx, 3dnowpref, sse, sse2, sse3, ssse3, sse4.1, sse4.2, popcnt, lzcnt, tsc, tscinvbit, avx, avx2, aes, erms, clmul, bmi1, bmi2, adx, sha, fma, vzeroupper, clflush, clflushopt, clwb, hv

Memory: 4k page, system-wide physical 16068M (868M free)
TotalPageFile size 28724M (AvailPageFile size 11M)
current process WorkingSet (physical memory assigned to process): 212M, peak: 219M
current process commit charge ("private bytes"): 431M, peak: 440M

vm_info: Java HotSpot(TM) 64-Bit Server VM (17.0.12+8-LTS-286) for windows-amd64 JRE (17.0.12+8-LTS-286), built on Jun  5 2024 06:46:59 by "mach5one" with MS VC++ 17.6 (VS2022)

END.
